F:\GRAPHMATCHINGTHESIS\GRAPHMATCHINGTHESIS\DEBUG\ARCO.OBJ
F:\GRAPHMATCHINGTHESIS\GRAPHMATCHINGTHESIS\DEBUG\GRAPHMATCHINGTHESIS.OBJ
F:\GRAPHMATCHINGTHESIS\GRAPHMATCHINGTHESIS\DEBUG\VERTICE.OBJ
F:\GRAPHMATCHINGTHESIS\GRAPHMATCHINGTHESIS\DEBUG\VC110.PDB
F:\GRAPHMATCHINGTHESIS\DEBUG\GRAPHMATCHINGTHESIS.ILK
F:\GRAPHMATCHINGTHESIS\DEBUG\GRAPHMATCHINGTHESIS.EXE
F:\GRAPHMATCHINGTHESIS\DEBUG\GRAPHMATCHINGTHESIS.PDB
F:\GraphMatchingThesis\GraphMatchingThesis\Debug\GraphMatchingThesis.vcxprojResolveAssemblyReference.cache
F:\GraphMatchingThesis\GraphMatchingThesis\Debug\Arco.obj
F:\GraphMatchingThesis\GraphMatchingThesis\Debug\Vertice.obj
F:\GraphMatchingThesis\GraphMatchingThesis\Debug\GraphMatchingThesis.obj
F:\GraphMatchingThesis\GraphMatchingThesis\Debug\CL.write.1.tlog
F:\GraphMatchingThesis\GraphMatchingThesis\Debug\cl.command.1.tlog
F:\GraphMatchingThesis\GraphMatchingThesis\Debug\link-rc.read.1.tlog
F:\GraphMatchingThesis\GraphMatchingThesis\Debug\link-rc.write.1.tlog
F:\GraphMatchingThesis\GraphMatchingThesis\Debug\link-cvtres.read.1.tlog
F:\GraphMatchingThesis\GraphMatchingThesis\Debug\link-cvtres.write.1.tlog
F:\GraphMatchingThesis\GraphMatchingThesis\Debug\link.read.1.tlog
F:\GraphMatchingThesis\GraphMatchingThesis\Debug\link.write.1.tlog
F:\GraphMatchingThesis\GraphMatchingThesis\Debug\link.command.1.tlog
F:\GraphMatchingThesis\GraphMatchingThesis\Debug\CL.read.1.tlog
F:\GraphMatchingThesis\GraphMatchingThesis\Debug\link.4532-rc.read.1.tlog
F:\GraphMatchingThesis\GraphMatchingThesis\Debug\link.4532-rc.write.1.tlog
F:\GraphMatchingThesis\GraphMatchingThesis\Debug\link.4532-cvtres.read.1.tlog
F:\GraphMatchingThesis\GraphMatchingThesis\Debug\link.4532-cvtres.write.1.tlog
F:\GraphMatchingThesis\GraphMatchingThesis\Debug\link.4532.read.1.tlog
F:\GraphMatchingThesis\GraphMatchingThesis\Debug\link.4532.write.1.tlog
F:\GraphMatchingThesis\GraphMatchingThesis\Debug\vc110.idb
F:\GraphMatchingThesis\GraphMatchingThesis\Debug\vc110.pdb
F:\GraphMatchingThesis\Debug\GraphMatchingThesis.pdb
F:\GraphMatchingThesis\Debug\GraphMatchingThesis.exe
F:\GraphMatchingThesis\Debug\GraphMatchingThesis.ilk
